traks.local - drouter (13337) - 25 May 17 11:49 -03 - info - no tags - drouter/main.go:264 - Logger done...
traks.local - drouter (13337) - 25 May 17 11:49 -03 - info - drouter, services, startup - drouter/main.go:132 - Writing pid...
traks.local - drouter (13434) - 25 May 17 11:53 -03 - info - no tags - drouter/main.go:264 - Logger done...
traks.local - drouter (13434) - 25 May 17 11:53 -03 - info - drouter, services, startup - drouter/main.go:132 - Writing pid...
traks.local - drouter (13778) - 25 May 17 11:57 -03 - info - no tags - drouter/main.go:263 - Logger done...
traks.local - drouter (13778) - 25 May 17 11:57 -03 - info - drouter, services, startup - drouter/main.go:131 - Writing pid...
traks.local - drouter (14016) - 25 May 17 12:02 -03 - info - no tags - drouter/main.go:263 - Logger done...
traks.local - drouter (14016) - 25 May 17 12:02 -03 - info - drouter, services, startup - drouter/main.go:131 - Writing pid...
traks.local - drouter (14223) - 25 May 17 12:12 -03 - info - no tags - drouter/main.go:263 - Logger done...
traks.local - drouter (14223) - 25 May 17 12:12 -03 - info - drouter, services, startup - drouter/main.go:131 - Writing pid...
traks.local - drouter (14389) - 25 May 17 12:14 -03 - info - no tags - drouter/main.go:266 - Logger done...
traks.local - drouter (14389) - 25 May 17 12:14 -03 - info - drouter, services, startup - drouter/main.go:132 - Writing pid...
traks.local - drouter (14516) - 25 May 17 12:15 -03 - info - no tags - drouter/main.go:263 - Logger done...
traks.local - drouter (14516) - 25 May 17 12:15 -03 - info - drouter, services, startup - drouter/main.go:131 - Writing pid...
traks.local - drouter (14516) - 25 May 17 12:15 -03 - fatal - drouter, services, startup - drouter/main.go:151 - projects2/web/drouter/router.(*Router).Start - router/router.go - 92: listen tcp: address localhost: missing port in address
traks.local - drouter (14534) - 25 May 17 12:15 -03 - info - no tags - drouter/main.go:263 - Logger done...
traks.local - drouter (14534) - 25 May 17 12:15 -03 - info - drouter, services, startup - drouter/main.go:131 - Writing pid...
traks.local - drouter (14842) - 25 May 17 12:32 -03 - info - no tags - drouter/main.go:271 - Logger done...
traks.local - drouter (14842) - 25 May 17 12:32 -03 - info - drouter, services, startup - drouter/main.go:131 - Writing pid...
traks.local - drouter (15190) - 25 May 17 12:41 -03 - info - no tags - drouter/main.go:275 - Logger done...
traks.local - drouter (15190) - 25 May 17 12:41 -03 - info - drouter, services, startup - drouter/main.go:131 - Writing pid...
traks.local - drouter (15190) - 25 May 17 12:41 -03 - fatal - router - router/router.go:97 - ListenAndServe failed: accept tcp 127.0.0.1:8081: use of closed network connection
traks.local - drouter (21305) - 27 May 17 10:36 -03 - info - no tags - drouter/main.go:275 - Logger done...
traks.local - drouter (21305) - 27 May 17 10:36 -03 - info - drouter, services, startup - drouter/main.go:131 - Writing pid...
traks.local - drouter (21305) - 27 May 17 10:36 -03 - fatal - router - router/router.go:102 - ListenAndServe failed: accept tcp 127.0.0.1:8081: use of closed network connection
traks.local - drouter (21340) - 27 May 17 10:37 -03 - info - no tags - drouter/main.go:276 - Logger done...
traks.local - drouter (21340) - 27 May 17 10:37 -03 - info - drouter, services, startup - drouter/main.go:131 - Writing pid...
traks.local - drouter (21340) - 27 May 17 10:37 -03 - fatal - router - router/router.go:102 - ListenAndServe failed: accept tcp 127.0.0.1:8081: use of closed network connection
traks.local - drouter (25276) - 27 May 17 19:04 -03 - info - no tags - drouter/main.go:291 - Logger done...
traks.local - drouter (25276) - 27 May 17 19:04 -03 - info - drouter, services, startup - drouter/main.go:135 - Writing pid...
traks.local - drouter (25276) - 27 May 17 19:04 -03 - fatal - router - router/router.go:114 - ListenAndServe failed: accept tcp 127.0.0.1:8081: use of closed network connection
traks.local - drouter (32428) - 28 May 17 23:17 -03 - info - no tags - drouter/main.go:291 - Logger done...
traks.local - drouter (32428) - 28 May 17 23:17 -03 - info - drouter, services, startup - drouter/main.go:135 - Writing pid...
traks.local - drouter (32428) - 28 May 17 23:17 -03 - fatal - router - router/router.go:115 - ListenAndServe failed: accept tcp 127.0.0.1:8081: use of closed network connection
traks.local - drouter (35666) - 29 May 17 09:27 -03 - info - no tags - drouter/main.go:291 - Logger done...
traks.local - drouter (35666) - 29 May 17 09:27 -03 - info - drouter, services, startup - drouter/main.go:135 - Writing pid...
traks.local - drouter (35666) - 29 May 17 09:27 -03 - fatal - router - router/router.go:115 - ListenAndServe failed: accept tcp 127.0.0.1:8081: use of closed network connection
traks.local - drouter (25140) - 29 May 17 22:07 -03 - info - no tags - drouter/main.go:305 - Logger done...
traks.local - drouter (25140) - 29 May 17 22:07 -03 - info - drouter, services, startup - drouter/main.go:136 - Writing pid...
traks.local - drouter (25140) - 29 May 17 22:07 -03 - fatal - router - http/http.go:41 - ListenAndServe failed: accept tcp 127.0.0.1:8081: use of closed network connection
traks.local - drouter (25500) - 29 May 17 22:12 -03 - info - no tags - drouter/main.go:305 - Logger done...
traks.local - drouter (25500) - 29 May 17 22:12 -03 - info - drouter, services, startup - drouter/main.go:136 - Writing pid...
traks.local - drouter (26005) - 29 May 17 22:16 -03 - info - no tags - drouter/main.go:305 - Logger done...
traks.local - drouter (26005) - 29 May 17 22:16 -03 - info - drouter, services, startup - drouter/main.go:136 - Writing pid...
traks.local - drouter (26275) - 29 May 17 22:19 -03 - info - no tags - drouter/main.go:305 - Logger done...
traks.local - drouter (26275) - 29 May 17 22:19 -03 - info - drouter, services, startup - drouter/main.go:136 - Writing pid...
traks.local - drouter (26349) - 29 May 17 22:19 -03 - info - no tags - drouter/main.go:305 - Logger done...
traks.local - drouter (26349) - 29 May 17 22:19 -03 - info - drouter, services, startup - drouter/main.go:136 - Writing pid...
traks.local - drouter (26349) - 29 May 17 22:19 -03 - info - router - http/http.go:46 - Setup https server...
traks.local - drouter (26349) - 29 May 17 22:19 -03 - fatal - drouter, services, startup - drouter/main.go:178 - projects2/web/drouter/http.(*HttpServer).Init - http/http.go - 53: LoadX509KeyPair failed
traks.local - drouter (26474) - 29 May 17 22:20 -03 - info - no tags - drouter/main.go:305 - Logger done...
traks.local - drouter (26474) - 29 May 17 22:20 -03 - info - drouter, services, startup - drouter/main.go:136 - Writing pid...
traks.local - drouter (26788) - 29 May 17 22:21 -03 - info - no tags - drouter/main.go:305 - Logger done...
traks.local - drouter (26788) - 29 May 17 22:21 -03 - info - drouter, services, startup - drouter/main.go:136 - Writing pid...
traks.local - drouter (26788) - 29 May 17 22:21 -03 - info - no tags - http/http.go:45 - mycert1.cer 
traks.local - drouter (26788) - 29 May 17 22:22 -03 - fatal - router - http/http.go:41 - ListenAndServe failed: accept tcp 127.0.0.1:8081: use of closed network connection
traks.local - drouter (26927) - 29 May 17 22:22 -03 - info - no tags - drouter/main.go:305 - Logger done...
traks.local - drouter (26927) - 29 May 17 22:22 -03 - info - drouter, services, startup - drouter/main.go:136 - Writing pid...
traks.local - drouter (26927) - 29 May 17 22:22 -03 - info - no tags - http/http.go:45 - mycert1.cer mycert1.key
traks.local - drouter (26927) - 29 May 17 22:22 -03 - info - router - http/http.go:47 - Setup https server...
traks.local - drouter (27043) - 29 May 17 22:23 -03 - info - no tags - drouter/main.go:305 - Logger done...
traks.local - drouter (27043) - 29 May 17 22:23 -03 - info - drouter, services, startup - drouter/main.go:136 - Writing pid...
traks.local - drouter (27043) - 29 May 17 22:23 -03 - info - router - http/http.go:34 - Setup http server...
traks.local - drouter (27043) - 29 May 17 22:23 -03 - info - router - http/http.go:47 - Setup https server...
traks.local - drouter (27608) - 29 May 17 22:28 -03 - info - no tags - drouter/main.go:305 - Logger done...
traks.local - drouter (27608) - 29 May 17 22:28 -03 - info - drouter, services, startup - drouter/main.go:136 - Writing pid...
traks.local - drouter (27608) - 29 May 17 22:28 -03 - info - router - http/http.go:36 - Setup http server...
traks.local - drouter (27608) - 29 May 17 22:28 -03 - info - router - http/http.go:49 - Setup https server...
